<?xml version="1.0" encoding="UTF-8"?>
<testng-results skipped="0" failed="0" total="3" passed="3">
  <reporter-output>
  </reporter-output>
  <suite name="webdriver" duration-ms="24793" started-at="2017-04-23T07:14:07Z" finished-at="2017-04-23T07:14:32Z">
    <groups>
    </groups>
    <test name="testie" duration-ms="13057" started-at="2017-04-23T07:14:07Z" finished-at="2017-04-23T07:14:20Z">
      <class name="test.IE">
        <test-method status="PASS" signature="test()[pri:0, instance:test.IE@4c3db835]" name="test" duration-ms="13037" started-at="2017-04-23T15:14:07Z" finished-at="2017-04-23T15:14:20Z">
          <reporter-output>
          </reporter-output>
        </test-method> <!-- test -->
      </class> <!-- test.IE -->
    </test> <!-- testie -->
    <test name="testchrome" duration-ms="21890" started-at="2017-04-23T07:14:07Z" finished-at="2017-04-23T07:14:29Z">
      <class name="test.chromepro">
        <test-method status="PASS" signature="test()[pri:0, instance:test.chromepro@6ae006d8]" name="test" duration-ms="21870" started-at="2017-04-23T15:14:07Z" finished-at="2017-04-23T15:14:29Z">
          <reporter-output>
          </reporter-output>
        </test-method> <!-- test -->
      </class> <!-- test.chromepro -->
    </test> <!-- testchrome -->
    <test name="testff" duration-ms="24793" started-at="2017-04-23T07:14:07Z" finished-at="2017-04-23T07:14:32Z">
      <class name="test.lesson1">
        <test-method status="PASS" signature="test()[pri:0, instance:test.lesson1@395b1bc2]" name="test" duration-ms="24779" started-at="2017-04-23T15:14:07Z" finished-at="2017-04-23T15:14:32Z">
          <reporter-output>
          </reporter-output>
        </test-method> <!-- test -->
      </class> <!-- test.lesson1 -->
    </test> <!-- testff -->
  </suite> <!-- webdriver -->
</testng-results>
